2013/02/13 00:07:25 [error] [exception.CException] exception 'CException' with message 'CAssetManager.basePath "/home/almir/www/yoshinkan/assets" is invalid. Please make sure the directory exists and is writable by the Web server process.' in /home/almir/www/yoshinkan/framework/web/CAssetManager.php:138
Stack trace:
#0 /home/almir/www/yoshinkan/framework/web/CAssetManager.php(123): CAssetManager->setBasePath('/home/almir/www...')
#1 /home/almir/www/yoshinkan/framework/web/CAssetManager.php(217): CAssetManager->getBasePath()
#2 /home/almir/www/yoshinkan/framework/web/CClientScript.php(462): CAssetManager->publish('/home/almir/www...')
#3 /home/almir/www/yoshinkan/framework/web/CClientScript.php(499): CClientScript->getCoreScriptUrl()
#4 /home/almir/www/yoshinkan/framework/web/CClientScript.php(315): CClientScript->getPackageBaseUrl('jquery')
#5 /home/almir/www/yoshinkan/framework/web/CClientScript.php(208): CClientScript->renderCoreScripts()
#6 /home/almir/www/yoshinkan/framework/web/CController.php(351): CClientScript->render('<!DOCTYPE html ...')
#7 /home/almir/www/yoshinkan/framework/web/CController.php(788): CController->processOutput('<!DOCTYPE html ...')
#8 /home/almir/www/yoshinkan/protected/controllers/SiteController.php(72): CController->render('contact', Array)
#9 /home/almir/www/yoshinkan/framework/web/actions/CInlineAction.php(49): SiteController->actionContact()
#10 /home/almir/www/yoshinkan/framework/web/CController.php(308): CInlineAction->runWithParams(Array)
#11 /home/almir/www/yoshinkan/framework/web/CController.php(286): CController->runAction(Object(CInlineAction))
#12 /home/almir/www/yoshinkan/framework/web/CController.php(265): CController->runActionWithFilters(Object(CInlineAction), Array)
#13 /home/almir/www/yoshinkan/framework/web/CWebApplication.php(282): CController->run('contact')
#14 /home/almir/www/yoshinkan/framework/web/CWebApplication.php(141): CWebApplication->runController('site/contact')
#15 /home/almir/www/yoshinkan/framework/base/CApplication.php(169): CWebApplication->processRequest()
#16 /home/almir/www/yoshinkan/index.php(12): CApplication->run()
#17 {main}
REQUEST_URI=/index.php?r=site/contact
HTTP_REFERER=http://yoshinkan.dev/index.php?r=site/page&view=about
---
